<?xml version="1.0" encoding="UTF-8"?>
<!-- Generated by org.testng.reporters.JUnitXMLReporter -->
<testsuite ignored="0" hostname="EPRURYAW0060" failures="1" tests="10" name="TestMail1" time="154.696" errors="0" timestamp="10 May 2018 13:05:18 GMT">
  <testcase classname="mail.pom.tests.cases.LoginTest" name="login" time="0.021"/>
  <testcase classname="mail.pom.tests.cases.CreateDraftTest" name="createMessage" time="4.964"/>
  <testcase classname="mail.pom.tests.cases.CreateDraftTest" name="createMessage" time="3.751"/>
  <testcase classname="mail.pom.tests.cases.VerifyDraftsTests" name="verifyDraft" time="7.434"/>
  <testcase classname="mail.pom.tests.cases.VerifyDraftsTests" name="verifyDraft" time="0.035">
    <failure type="org.openqa.selenium.interactions.MoveTargetOutOfBoundsException" message="(644, -7) is out of bounds of viewport width (1268) and height (855)
Build info: version: &amp;apos;3.11.0&amp;apos;, revision: &amp;apos;e59cfb3&amp;apos;, time: &amp;apos;2018-03-11T20:26:55.152Z&amp;apos;
System info: host: &amp;apos;EPRURYAW0060&amp;apos;, ip: &amp;apos;10.19.10.150&amp;apos;, os.name: &amp;apos;Windows 10&amp;apos;, os.arch: &amp;apos;amd64&amp;apos;, os.version: &amp;apos;10.0&amp;apos;, java.version: &amp;apos;9.0.4&amp;apos;
Driver info: org.openqa.selenium.firefox.FirefoxDriver
Capabilities {acceptInsecureCerts: true, browserName: firefox, browserVersion: 59.0.3, javascriptEnabled: true, moz:accessibilityChecks: false, moz:headless: false, moz:processID: 4908, moz:profile: C:\Users\Igor_Morozov\AppDa..., moz:useNonSpecCompliantPointerOrigin: false, moz:webdriverClick: true, pageLoadStrategy: normal, platform: XP, platformName: XP, platformVersion: 10.0, rotatable: false, timeouts: {implicit: 0, pageLoad: 300000, script: 30000}}
Session ID: 3604ebf3-d9a2-49ca-b2dd-104088321fd9">
      <![CDATA[org.openqa.selenium.interactions.MoveTargetOutOfBoundsException: (644, -7) is out of bounds of viewport width (1268) and height (855)
Build info: version: '3.11.0', revision: 'e59cfb3', time: '2018-03-11T20:26:55.152Z'
System info: host: 'EPRURYAW0060', ip: '10.19.10.150', os.name: 'Windows 10', os.arch: 'amd64', os.version: '10.0', java.version: '9.0.4'
Driver info: org.openqa.selenium.firefox.FirefoxDriver
Capabilities {acceptInsecureCerts: true, browserName: firefox, browserVersion: 59.0.3, javascriptEnabled: true, moz:accessibilityChecks: false, moz:headless: false, moz:processID: 4908, moz:profile: C:\Users\Igor_Morozov\AppDa..., moz:useNonSpecCompliantPointerOrigin: false, moz:webdriverClick: true, pageLoadStrategy: normal, platform: XP, platformName: XP, platformVersion: 10.0, rotatable: false, timeouts: {implicit: 0, pageLoad: 300000, script: 30000}}
Session ID: 3604ebf3-d9a2-49ca-b2dd-104088321fd9
	at org.openqa.selenium.remote.http.W3CHttpResponseCodec.createException(W3CHttpResponseCodec.java:187)
	at org.openqa.selenium.remote.http.W3CHttpResponseCodec.decode(W3CHttpResponseCodec.java:122)
	at org.openqa.selenium.remote.http.W3CHttpResponseCodec.decode(W3CHttpResponseCodec.java:49)
	at org.openqa.selenium.remote.HttpCommandExecutor.execute(HttpCommandExecutor.java:158)
	at org.openqa.selenium.remote.service.DriverCommandExecutor.execute(DriverCommandExecutor.java:83)
	at org.openqa.selenium.remote.RemoteWebDriver.execute(RemoteWebDriver.java:545)
	at org.openqa.selenium.remote.RemoteWebDriver.perform(RemoteWebDriver.java:611)
	at org.openqa.selenium.interactions.Actions$BuiltAction.perform(Actions.java:638)
	at mail.pom.pages.overall.OverallButtonsOnPages.clickWriteMessageButton(OverallButtonsOnPages.java:43)
	at mail.pom.tests.common.GeneralActions.fillFields(GeneralActions.java:26)
	at mail.pom.tests.cases.VerifyDraftsTests.verifyDraft(VerifyDraftsTests.java:27)
... Removed 29 stack frames]]>
    </failure>
  </testcase> <!-- verifyDraft -->
  <testcase classname="mail.pom.tests.cases.SendLetterTest" name="sendLetter" time="5.558"/>
  <testcase classname="mail.pom.tests.cases.SendLetterTest" name="sendLetter" time="3.499"/>
  <testcase classname="mail.pom.tests.cases.TransferDraft" name="trancferDrafts" time="9.109"/>
  <testcase classname="mail.pom.tests.cases.TransferDraft" name="trancferDrafts" time="7.266"/>
  <testcase classname="mail.pom.tests.cases.LogOutTest" name="logOut" time="1.286"/>
</testsuite> <!-- TestMail1 -->
